
> mag-system-webapp@ typecheck C:\Users\adair\PycharmProject\MAG-system-webapp
> pnpm -r typecheck

Scope: 4 of 5 workspace projects
packages/database typecheck$ tsc -p tsconfig.json --noEmit
packages/shared typecheck$ tsc -p tsconfig.json --noEmit
packages/database typecheck: Done
packages/shared typecheck: Done
apps/api typecheck$ tsc -p tsconfig.typecheck.json --noEmit
apps/web typecheck$ tsc -p tsconfig.json --noEmit
apps/api typecheck: Done
apps/web typecheck: src/__tests__/example.test.tsx(3,1): error TS2582: Cannot find name 'describe'. Do you need to install type definitions for a test runner? Try `npm i --save-dev @types/jest` or `npm i --save-dev @types/mocha`.
apps/web typecheck: src/__tests__/example.test.tsx(4,3): error TS2582: Cannot find name 'it'. Do you need to install type definitions for a test runner? Try `npm i --save-dev @types/jest` or `npm i --save-dev @types/mocha`.
apps/web typecheck: src/__tests__/example.test.tsx(5,5): error TS2304: Cannot find name 'expect'.
apps/web typecheck: src/app/(app)/diagnostico/page.tsx(192,82): error TS2345: Argument of type 'string' is not assignable to parameter of type 'SetStateAction<"pendente" | "em_andamento" | "concluida" | "todos">'.
apps/web typecheck: src/app/(app)/financeiro/page.tsx(222,80): error TS2345: Argument of type 'string' is not assignable to parameter of type 'SetStateAction<"todos" | "receita" | "despesa">'.
apps/web typecheck: src/app/(app)/financeiro/page.tsx(231,82): error TS2345: Argument of type 'string' is not assignable to parameter of type 'SetStateAction<"pendente" | "todos" | "pago" | "recebido">'.
apps/web typecheck: src/app/(app)/locacoes/page.tsx(206,82): error TS2345: Argument of type 'string' is not assignable to parameter of type 'SetStateAction<"ativa" | "finalizada" | "cancelada" | "todas">'.
apps/web typecheck: Failed
C:\Users\adair\PycharmProject\MAG-system-webapp\apps\web:
ÔÇëERR_PNPM_RECURSIVE_RUN_FIRST_FAILÔÇë @mag/web@0.1.0 typecheck: `tsc -p tsconfig.json --noEmit`
Exit status 2
ÔÇëELIFECYCLEÔÇë Command failed with exit code 2.
